#
# There is insufficient memory for the Java Runtime Environment to continue.
# Native memory allocation (malloc) failed to allocate 978976 bytes for Chunk::new
# Possible reasons:
#   The system is out of physical RAM or swap space
#   In 32 bit mode, the process size limit was hit
# Possible solutions:
#   Reduce memory load on the system
#   Increase physical memory or swap space
#   Check if swap backing store is full
#   Use 64 bit Java on a 64 bit OS
#   Decrease Java heap size (-Xmx/-Xms)
#   Decrease number of Java threads
#   Decrease Java thread stack sizes (-Xss)
#   Set larger code cache with -XX:ReservedCodeCacheSize=
# This output file may be truncated or incomplete.
#
#  Out of Memory Error (allocation.cpp:390), pid=14536, tid=0x00000000000038ec
#
# JRE version: OpenJDK Runtime Environment (8.0_152-b01) (build 1.8.0_152-release-915-b01)
# Java VM: OpenJDK 64-Bit Server VM (25.152-b01 mixed mode windows-amd64 compressed oops)
# Failed to write core dump. Minidumps are not enabled by default on client versions of Windows
#

---------------  T H R E A D  ---------------

Current thread (0x0000000017451000):  JavaThread "C2 CompilerThread1" daemon [_thread_in_native, id=14572, stack(0x0000000017d00000,0x0000000017e00000)]

Stack: [0x0000000017d00000,0x0000000017e00000]
[error occurred during error reporting (printing stack bounds), id 0xc0000005]

Native frames: (J=compiled Java code, j=interpreted, Vv=VM code, C=native code)


Current CompileTask:
C2:2117319 14266   !   4       org.codehaus.groovy.runtime.metaclass.ClosureMetaClass::invokeMethod (892 bytes)


---------------  P R O C E S S  ---------------

Java Threads: ( => current thread )
  0x000000001adce000 JavaThread "build operations Thread 8" [_thread_blocked, id=7432, stack(0x000000002f730000,0x000000002f830000)]
  0x000000001adcc000 JavaThread "build operations Thread 7" [_thread_blocked, id=424, stack(0x000000002f630000,0x000000002f730000)]
  0x000000001adcb000 JavaThread "build operations Thread 6" [_thread_blocked, id=7248, stack(0x000000002f530000,0x000000002f630000)]
  0x000000001add0800 JavaThread "build operations Thread 5" [_thread_blocked, id=8620, stack(0x000000002f430000,0x000000002f530000)]
  0x000000001adcd800 JavaThread "build operations Thread 4" [_thread_blocked, id=8912, stack(0x000000002f330000,0x000000002f430000)]
  0x000000001adcc800 JavaThread "build operations Thread 3" [_thread_blocked, id=14460, stack(0x000000002f230000,0x000000002f330000)]
  0x000000001adcf800 JavaThread "build operations Thread 2" [_thread_blocked, id=288, stack(0x000000002f130000,0x000000002f230000)]
  0x000000001adc3800 JavaThread "build operations" [_thread_blocked, id=10132, stack(0x000000002f030000,0x000000002f130000)]
  0x000000001adca800 JavaThread "Cache worker for Artifact transforms cache (C:\Users\Pkambli\.gradle\caches\transforms-1)" [_thread_blocked, id=8936, stack(0x000000002ef30000,0x000000002f030000)]
  0x000000001adc3000 JavaThread "Cache worker for file hash cache (D:\Udemy Android\ud851-Sunshine\S02.02-Exercise-Menus\.gradle\4.1\fileHashes)" [_thread_in_Java, id=11868, stack(0x000000002ee30000,0x000000002ef30000)]
  0x000000001adc9800 JavaThread "Stdin handler" [_thread_blocked, id=14560, stack(0x000000002ed30000,0x000000002ee30000)]
  0x000000001adc2000 JavaThread "Asynchronous log dispatcher for DefaultDaemonConnection: socket connection from /127.0.0.1:60766 to /127.0.0.1:61903" [_thread_blocked, id=5132, stack(0x000000002ec30000,0x000000002ed30000)]
  0x000000001adc9000 JavaThread "Daemon worker Thread 6" [_thread_blocked, id=14764, stack(0x000000002eb30000,0x000000002ec30000)]
  0x000000001adc8000 JavaThread "Cancel handler" [_thread_blocked, id=9320, stack(0x000000002ea30000,0x000000002eb30000)]
  0x000000001adc6800 JavaThread "Handler for socket connection from /127.0.0.1:60766 to /127.0.0.1:61903" [_thread_in_native, id=15196, stack(0x000000002e930000,0x000000002ea30000)]
  0x000000001adc5000 JavaThread "Daemon Thread 6" [_thread_blocked, id=8208, stack(0x000000002e830000,0x000000002e930000)]
  0x000000001adc7800 JavaThread "Memory manager" [_thread_blocked, id=14768, stack(0x0000000020030000,0x0000000020130000)]
  0x000000001adc6000 JavaThread "pool-1-thread-1" [_thread_blocked, id=8420, stack(0x000000001fd30000,0x000000001fe30000)]
  0x000000001974f000 JavaThread "File lock request listener" [_thread_in_native, id=14444, stack(0x000000001bbc0000,0x000000001bcc0000)]
  0x00000000194c8000 JavaThread "Cache worker for file hash cache (C:\Users\Pkambli\.gradle\caches\4.1\fileHashes)" [_thread_blocked, id=7040, stack(0x000000001aaf0000,0x000000001abf0000)]
  0x0000000018bca000 JavaThread "Daemon periodic checks" [_thread_blocked, id=10772, stack(0x000000001a0f0000,0x000000001a1f0000)]
  0x0000000018409000 JavaThread "Incoming local TCP Connector on port 60766" [_thread_in_native, id=3848, stack(0x0000000019f10000,0x000000001a010000)]
  0x00000000174ec800 JavaThread "Service Thread" daemon [_thread_blocked, id=8336, stack(0x0000000018000000,0x0000000018100000)]
  0x000000001745e000 JavaThread "C1 CompilerThread3" daemon [_thread_blocked, id=3312, stack(0x0000000017f00000,0x0000000018000000)]
  0x0000000017458000 JavaThread "C2 CompilerThread2" daemon [_thread_in_native, id=14540, stack(0x0000000017e00000,0x0000000017f00000)]
=>0x0000000017451000 JavaThread "C2 CompilerThread1" daemon [_thread_in_native, id=14572, stack(0x0000000017d00000,0x0000000017e00000)]
  0x000000001744e000 JavaThread "C2 CompilerThread0" daemon [_thread_in_native, id=14812, stack(0x0000000017c00000,0x0000000017d00000)]
  0x000000001744c800 JavaThread "Attach Listener" daemon [_thread_blocked, id=13324, stack(0x0000000017b00000,0x0000000017c00000)]
  0x000000001744b000 JavaThread "Signal Dispatcher" daemon [_thread_blocked, id=3156, stack(0x0000000017a00000,0x0000000017b00000)]
  0x0000000017440800 JavaThread "Finalizer" daemon [_thread_blocked, id=8992, stack(0x0000000017820000,0x0000000017920000)]
  0x00000000007e9000 JavaThread "Reference Handler" daemon [_thread_blocked, id=12576, stack(0x0000000017320000,0x0000000017420000)]
  0x00000000006f2800 JavaThread "main" [_thread_blocked, id=10840, stack(0x00000000028d0000,0x00000000029d0000)]

Other Threads:
  0x0000000015505000 VMThread [stack: 0x0000000017220000,0x0000000017320000] [id=11956]
  0x000000001749f800 WatcherThread [stack: 0x0000000018100000,0x0000000018200000] [id=5384]

VM state:not at safepoint (normal execution)

VM Mutex/Monitor currently owned by a thread: None

Heap:
 PSYoungGen      total 68608K, used 12931K [0x00000000eab00000, 0x00000000ef880000, 0x0000000100000000)
  eden space 57856K, 6% used [0x00000000eab00000,0x00000000eaeb86e0,0x00000000ee380000)
  from space 10752K, 84% used [0x00000000eee00000,0x00000000ef6e8648,0x00000000ef880000)
  to   space 7168K, 0% used [0x00000000ee500000,0x00000000ee500000,0x00000000eec00000)
 ParOldGen       total 110080K, used 48366K [0x00000000c0000000, 0x00000000c6b80000, 0x00000000eab00000)
  object space 110080K, 43% used [0x00000000c0000000,0x00000000c2f3ba58,0x00000000c6b80000)
 Metaspace       used 76303K, capacity 81104K, committed 81408K, reserved 1120256K
  class space    used 10001K, capacity 11195K, committed 11264K, reserved 1048576K

Card table byte_map: [0x0000000011db0000,0x0000000011fc0000] byte_map_base: 0x00000000117b0000

Marking Bits: (ParMarkBitMap*) 0x0000000064723950
 Begin Bits: [0x0000000012920000, 0x0000000013920000)
 End Bits:   [0x0000000013920000, 0x0000000014920000)

Polling page: 0x0000000000510000

CodeCache: size=245760Kb used=40002Kb max_used=40002Kb free=205757Kb
 bounds [0x00000000029f0000, 0x0000000005140000, 0x00000000119f0000]
 total_blobs=12584 nmethods=11741 adapters=755
 compilation: enabled

Compilation events (10 events):
Event: 2112.217 Thread 0x000000001744e000 14336       4       groovy.lang.MetaClassImpl::getMethodWithCaching (65 bytes)
Event: 2112.229 Thread 0x000000001744e000 nmethod 14336 0x0000000005134c10 code [0x0000000005134dc0, 0x00000000051355b0]
Event: 2114.306 Thread 0x000000001745e000 14344       1       com.google.common.collect.LinkedHashMultimap$ValueSet::setSuccessorInValueSet (6 bytes)
Event: 2114.306 Thread 0x000000001745e000 nmethod 14344 0x000000000512e050 code [0x000000000512e1a0, 0x000000000512e2d0]
Event: 2114.306 Thread 0x000000001745e000 14345       3       org.gradle.api.internal.DelegatingDomainObjectSet::size (10 bytes)
Event: 2114.461 Thread 0x000000001745e000 nmethod 14345 0x00000000051347d0 code [0x0000000005134940, 0x0000000005134b68]
Event: 2114.462 Thread 0x000000001745e000 14346       3       org.gradle.api.internal.CompositeDomainObjectSet::size (37 bytes)
Event: 2114.463 Thread 0x000000001745e000 nmethod 14346 0x0000000005136e50 code [0x00000000051370a0, 0x0000000005137f08]
Event: 2114.712 Thread 0x000000001745e000 14347       3       org.gradle.api.internal.artifacts.ivyservice.modulecache.DefaultCachedMetaData::isMissing (13 bytes)
Event: 2114.876 Thread 0x000000001744e000 14350       4       org.gradle.internal.serialize.DefaultSerializer::write (24 bytes)

GC Heap History (10 events):
Event: 1982.923 GC heap before
{Heap before GC invocations=44 (full 3):
 PSYoungGen      total 71168K, used 71147K [0x00000000eab00000, 0x00000000efd80000, 0x0000000100000000)
  eden space 62464K, 100% used [0x00000000eab00000,0x00000000ee800000,0x00000000ee800000)
  from space 8704K, 99% used [0x00000000ef280000,0x00000000efafae38,0x00000000efb00000)
  to   space 10752K, 0% used [0x00000000ee800000,0x00000000ee800000,0x00000000ef280000)
 ParOldGen       total 92160K, used 80105K [0x00000000c0000000, 0x00000000c5a00000, 0x00000000eab00000)
  object space 92160K, 86% used [0x00000000c0000000,0x00000000c4e3a728,0x00000000c5a00000)
 Metaspace       used 76507K, capacity 81202K, committed 81408K, reserved 1120256K
  class space    used 10067K, capacity 11220K, committed 11264K, reserved 1048576K
Event: 1983.066 GC heap after
Heap after GC invocations=44 (full 3):
 PSYoungGen      total 63488K, used 2320K [0x00000000eab00000, 0x00000000efb80000, 0x0000000100000000)
  eden space 60928K, 0% used [0x00000000eab00000,0x00000000eab00000,0x00000000ee680000)
  from space 2560K, 90% used [0x00000000ee800000,0x00000000eea44010,0x00000000eea80000)
  to   space 10752K, 0% used [0x00000000ef100000,0x00000000ef100000,0x00000000efb80000)
 ParOldGen       total 92160K, used 85771K [0x00000000c0000000, 0x00000000c5a00000, 0x00000000eab00000)
  object space 92160K, 93% used [0x00000000c0000000,0x00000000c53c2e38,0x00000000c5a00000)
 Metaspace       used 76507K, capacity 81202K, committed 81408K, reserved 1120256K
  class space    used 10067K, capacity 11220K, committed 11264K, reserved 1048576K
}
Event: 1983.066 GC heap before
{Heap before GC invocations=45 (full 4):
 PSYoungGen      total 63488K, used 2320K [0x00000000eab00000, 0x00000000efb80000, 0x0000000100000000)
  eden space 60928K, 0% used [0x00000000eab00000,0x00000000eab00000,0x00000000ee680000)
  from space 2560K, 90% used [0x00000000ee800000,0x00000000eea44010,0x00000000eea80000)
  to   space 10752K, 0% used [0x00000000ef100000,0x00000000ef100000,0x00000000efb80000)
 ParOldGen       total 92160K, used 85771K [0x00000000c0000000, 0x00000000c5a00000, 0x00000000eab00000)
  object space 92160K, 93% used [0x00000000c0000000,0x00000000c53c2e38,0x00000000c5a00000)
 Metaspace       used 76507K, capacity 81202K, committed 81408K, reserved 1120256K
  class space    used 10067K, capacity 11220K, committed 11264K, reserved 1048576K
Event: 2014.474 GC heap after
Heap after GC invocations=45 (full 4):
 PSYoungGen      total 63488K, used 0K [0x00000000eab00000, 0x00000000efb80000, 0x0000000100000000)
  eden space 60928K, 0% used [0x00000000eab00000,0x00000000eab00000,0x00000000ee680000)
  from space 2560K, 0% used [0x00000000ee800000,0x00000000ee800000,0x00000000eea80000)
  to   space 10752K, 0% used [0x00000000ef100000,0x00000000ef100000,0x00000000efb80000)
 ParOldGen       total 110080K, used 48342K [0x00000000c0000000, 0x00000000c6b80000, 0x00000000eab00000)
  object space 110080K, 43% used [0x00000000c0000000,0x00000000c2f35a58,0x00000000c6b80000)
 Metaspace       used 75641K, capacity 79960K, committed 81408K, reserved 1120256K
  class space    used 9909K, capacity 10989K, committed 11264K, reserved 1048576K
}
Event: 2108.291 GC heap before
{Heap before GC invocations=46 (full 4):
 PSYoungGen      total 63488K, used 60928K [0x00000000eab00000, 0x00000000efb80000, 0x0000000100000000)
  eden space 60928K, 100% used [0x00000000eab00000,0x00000000ee680000,0x00000000ee680000)
  from space 2560K, 0% used [0x00000000ee800000,0x00000000ee800000,0x00000000eea80000)
  to   space 10752K, 0% used [0x00000000ef100000,0x00000000ef100000,0x00000000efb80000)
 ParOldGen       total 110080K, used 48342K [0x00000000c0000000, 0x00000000c6b80000, 0x00000000eab00000)
  object space 110080K, 43% used [0x00000000c0000000,0x00000000c2f35a58,0x00000000c6b80000)
 Metaspace       used 76000K, capacity 80684K, committed 81408K, reserved 1120256K
  class space    used 9970K, capacity 11143K, committed 11264K, reserved 1048576K
Event: 2108.297 GC heap after
Heap after GC invocations=46 (full 4):
 PSYoungGen      total 68608K, used 5509K [0x00000000eab00000, 0x00000000efa00000, 0x0000000100000000)
  eden space 59392K, 0% used [0x00000000eab00000,0x00000000eab00000,0x00000000ee500000)
  from space 9216K, 59% used [0x00000000ef100000,0x00000000ef6617e8,0x00000000efa00000)
  to   space 10752K, 0% used [0x00000000ee500000,0x00000000ee500000,0x00000000eef80000)
 ParOldGen       total 110080K, used 48350K [0x00000000c0000000, 0x00000000c6b80000, 0x00000000eab00000)
  object space 110080K, 43% used [0x00000000c0000000,0x00000000c2f37a58,0x00000000c6b80000)
 Metaspace       used 76000K, capacity 80684K, committed 81408K, reserved 1120256K
  class space    used 9970K, capacity 11143K, committed 11264K, reserved 1048576K
}
Event: 2111.714 GC heap before
{Heap before GC invocations=47 (full 4):
 PSYoungGen      total 68608K, used 64901K [0x00000000eab00000, 0x00000000efa00000, 0x0000000100000000)
  eden space 59392K, 100% used [0x00000000eab00000,0x00000000ee500000,0x00000000ee500000)
  from space 9216K, 59% used [0x00000000ef100000,0x00000000ef6617e8,0x00000000efa00000)
  to   space 10752K, 0% used [0x00000000ee500000,0x00000000ee500000,0x00000000eef80000)
 ParOldGen       total 110080K, used 48350K [0x00000000c0000000, 0x00000000c6b80000, 0x00000000eab00000)
  object space 110080K, 43% used [0x00000000c0000000,0x00000000c2f37a58,0x00000000c6b80000)
 Metaspace       used 76096K, capacity 80956K, committed 81408K, reserved 1120256K
  class space    used 9988K, capacity 11171K, committed 11264K, reserved 1048576K
Event: 2111.723 GC heap after
Heap after GC invocations=47 (full 4):
 PSYoungGen      total 65024K, used 7047K [0x00000000eab00000, 0x00000000ef880000, 0x0000000100000000)
  eden space 57856K, 0% used [0x00000000eab00000,0x00000000eab00000,0x00000000ee380000)
  from space 7168K, 98% used [0x00000000ee500000,0x00000000eebe1d80,0x00000000eec00000)
  to   space 10752K, 0% used [0x00000000eee00000,0x00000000eee00000,0x00000000ef880000)
 ParOldGen       total 110080K, used 48358K [0x00000000c0000000, 0x00000000c6b80000, 0x00000000eab00000)
  object space 110080K, 43% used [0x00000000c0000000,0x00000000c2f39a58,0x00000000c6b80000)
 Metaspace       used 76096K, capacity 80956K, committed 81408K, reserved 1120256K
  class space    used 9988K, capacity 11171K, committed 11264K, reserved 1048576K
}
Event: 2112.231 GC heap before
{Heap before GC invocations=48 (full 4):
 PSYoungGen      total 65024K, used 64903K [0x00000000eab00000, 0x00000000ef880000, 0x0000000100000000)
  eden space 57856K, 100% used [0x00000000eab00000,0x00000000ee380000,0x00000000ee380000)
  from space 7168K, 98% used [0x00000000ee500000,0x00000000eebe1d80,0x00000000eec00000)
  to   space 10752K, 0% used [0x00000000eee00000,0x00000000eee00000,0x00000000ef880000)
 ParOldGen       total 110080K, used 48358K [0x00000000c0000000, 0x00000000c6b80000, 0x00000000eab00000)
  object space 110080K, 43% used [0x00000000c0000000,0x00000000c2f39a58,0x00000000c6b80000)
 Metaspace       used 76300K, capacity 81104K, committed 81408K, reserved 1120256K
  class space    used 10001K, capacity 11195K, committed 11264K, reserved 1048576K
Event: 2114.304 GC heap after
Heap after GC invocations=48 (full 4):
 PSYoungGen      total 68608K, used 9121K [0x00000000eab00000, 0x00000000ef880000, 0x0000000100000000)
  eden space 57856K, 0% used [0x00000000eab00000,0x00000000eab00000,0x00000000ee380000)
  from space 10752K, 84% used [0x00000000eee00000,0x00000000ef6e8648,0x00000000ef880000)
  to   space 7168K, 0% used [0x00000000ee500000,0x00000000ee500000,0x00000000eec00000)
 ParOldGen       total 110080K, used 48366K [0x00000000c0000000, 0x00000000c6b80000, 0x00000000eab00000)
  object space 110080K, 43% used [0x00000000c0000000,0x00000000c2f3ba58,0x00000000c6b80000)
 Metaspace       used 76300K, capacity 81104K, committed 81408K, reserved 1120256K
  class space    used 10001K, capacity 11195K, committed 11264K, reserved 1048576K
}

Deoptimization events (10 events):
Event: 2014.698 Thread 0x000000001adc5000 Uncommon trap: reason=unstable_if action=reinterpret pc=0x0000000002d9b508 method=org.codehaus.groovy.util.ReferenceManager$CallBackedManager.removeStallEntries0(Ljava/lang/ref/ReferenceQueue;)V @ 6
Event: 2014.708 Thread 0x000000001adc5000 Uncommon trap: reason=unstable_if action=reinterpret pc=0x00000000041e65ac method=java.io.ObjectStreamClass.processQueue(Ljava/lang/ref/ReferenceQueue;Ljava/util/concurrent/ConcurrentMap;)V @ 6
Event: 2015.163 Thread 0x000000001adc5000 Uncommon trap: reason=class_check action=maybe_recompile pc=0x0000000004a557c4 method=sun.reflect.DelegatingConstructorAccessorImpl.newInstance([Ljava/lang/Object;)Ljava/lang/Object; @ 5
Event: 2015.165 Thread 0x000000001adc5000 Uncommon trap: reason=class_check action=maybe_recompile pc=0x0000000004a557c4 method=sun.reflect.DelegatingConstructorAccessorImpl.newInstance([Ljava/lang/Object;)Ljava/lang/Object; @ 5
Event: 2015.165 Thread 0x000000001adc5000 Uncommon trap: reason=class_check action=maybe_recompile pc=0x0000000004a557c4 method=sun.reflect.DelegatingConstructorAccessorImpl.newInstance([Ljava/lang/Object;)Ljava/lang/Object; @ 5
Event: 2015.165 Thread 0x000000001adc5000 Uncommon trap: reason=class_check action=maybe_recompile pc=0x0000000004a557c4 method=sun.reflect.DelegatingConstructorAccessorImpl.newInstance([Ljava/lang/Object;)Ljava/lang/Object; @ 5
Event: 2019.627 Thread 0x000000001adc5000 Uncommon trap: reason=unstable_if action=reinterpret pc=0x000000000372709c method=java.lang.ref.SoftReference.get()Ljava/lang/Object; @ 6
Event: 2025.410 Thread 0x000000001adcb000 Uncommon trap: reason=unstable_if action=reinterpret pc=0x000000000364f31c method=java.util.concurrent.ConcurrentLinkedQueue.offer(Ljava/lang/Object;)Z @ 40
Event: 2028.369 Thread 0x000000001adc5000 Uncommon trap: reason=bimorphic action=maybe_recompile pc=0x0000000002f67764 method=com.google.common.collect.ImmutableList.copyOf(Ljava/util/Collection;)Lcom/google/common/collect/ImmutableList; @ 11
Event: 2108.572 Thread 0x000000001adc9000 Uncommon trap: reason=predicate action=maybe_recompile pc=0x000000000376a31c method=com.google.common.collect.RegularImmutableMap.fromEntryArray(I[Ljava/util/Map$Entry;)Lcom/google/common/collect/RegularImmutableMap; @ 62

Classes redefined (0 events):
No events

Internal exceptions (10 events):
Event: 2108.646 Thread 0x000000001adc9000 Exception <a 'sun/nio/fs/WindowsException'> (0x00000000ec4e6000) thrown at [D:\src\AOSP-openjdk-cygwin\jdk8u\hotspot\src\share\vm\prims\jni.cpp, line 709]
Event: 2108.646 Thread 0x000000001adc9000 Exception <a 'sun/nio/fs/WindowsException'> (0x00000000ec4e6c30) thrown at [D:\src\AOSP-openjdk-cygwin\jdk8u\hotspot\src\share\vm\prims\jni.cpp, line 709]
Event: 2108.647 Thread 0x000000001adc9000 Exception <a 'sun/nio/fs/WindowsException'> (0x00000000ec4e97d8) thrown at [D:\src\AOSP-openjdk-cygwin\jdk8u\hotspot\src\share\vm\prims\jni.cpp, line 709]
Event: 2108.647 Thread 0x000000001adc9000 Exception <a 'sun/nio/fs/WindowsException'> (0x00000000ec4ea448) thrown at [D:\src\AOSP-openjdk-cygwin\jdk8u\hotspot\src\share\vm\prims\jni.cpp, line 709]
Event: 2108.647 Thread 0x000000001adc9000 Exception <a 'sun/nio/fs/WindowsException'> (0x00000000ec4ec100) thrown at [D:\src\AOSP-openjdk-cygwin\jdk8u\hotspot\src\share\vm\prims\jni.cpp, line 709]
Event: 2108.647 Thread 0x000000001adc9000 Exception <a 'sun/nio/fs/WindowsException'> (0x00000000ec4ecda8) thrown at [D:\src\AOSP-openjdk-cygwin\jdk8u\hotspot\src\share\vm\prims\jni.cpp, line 709]
Event: 2108.648 Thread 0x000000001adc9000 Exception <a 'sun/nio/fs/WindowsException'> (0x00000000ec4f01a8) thrown at [D:\src\AOSP-openjdk-cygwin\jdk8u\hotspot\src\share\vm\prims\jni.cpp, line 709]
Event: 2108.648 Thread 0x000000001adc9000 Exception <a 'sun/nio/fs/WindowsException'> (0x00000000ec4f0cd8) thrown at [D:\src\AOSP-openjdk-cygwin\jdk8u\hotspot\src\share\vm\prims\jni.cpp, line 709]
Event: 2108.648 Thread 0x000000001adc9000 Exception <a 'sun/nio/fs/WindowsException'> (0x00000000ec4f2850) thrown at [D:\src\AOSP-openjdk-cygwin\jdk8u\hotspot\src\share\vm\prims\jni.cpp, line 709]
Event: 2108.648 Thread 0x000000001adc9000 Exception <a 'sun/nio/fs/WindowsException'> (0x00000000ec4f33b8) thrown at [D:\src\AOSP-openjdk-cygwin\jdk8u\hotspot\src\share\vm\prims\jni.cpp, line 709]

Events (10 events):
Event: 2111.855 Executing VM operation: RevokeBias
Event: 2111.855 Executing VM operation: RevokeBias done
Event: 2111.855 Executing VM operation: RevokeBias
Event: 2111.855 Executing VM operation: RevokeBias done
Event: 2111.855 Executing VM operation: BulkRevokeBias
Event: 2111.855 Executing VM operation: BulkRevokeBias done
Event: 2111.856 Thread 0x000000001745e000 flushing nmethod 0x0000000002c492d0
Event: 2112.231 Executing VM operation: ParallelGCFailedAllocation
Event: 2114.304 Executing VM operation: ParallelGCFailedAllocation done
Event: 2115.180 Executing VM operation: RevokeBias


Dynamic libraries:
0x00007ff716f50000 - 0x00007ff716f81000 	C:\Program Files\Android\Android Studio\jre\bin\java.exe
0x00007ffe37890000 - 0x00007ffe37a51000 	C:\WINDOWS\SYSTEM32\ntdll.dll
0x00007ffe37200000 - 0x00007ffe372ad000 	C:\WINDOWS\system32\KERNEL32.DLL
0x00007ffe34670000 - 0x00007ffe34858000 	C:\WINDOWS\system32\KERNELBASE.dll
0x00007ffe34d00000 - 0x00007ffe34da7000 	C:\WINDOWS\system32\ADVAPI32.dll
0x00007ffe35330000 - 0x00007ffe353cd000 	C:\WINDOWS\system32\msvcrt.dll
0x00007ffe34ed0000 - 0x00007ffe34f2b000 	C:\WINDOWS\system32\sechost.dll
0x00007ffe35050000 - 0x00007ffe3516c000 	C:\WINDOWS\system32\RPCRT4.dll
0x00007ffe376f0000 - 0x00007ffe37846000 	C:\WINDOWS\system32\USER32.dll
0x00007ffe35710000 - 0x00007ffe35896000 	C:\WINDOWS\system32\GDI32.dll
0x00007ffe25000000 - 0x00007ffe25274000 	C:\WINDOWS\WinSxS\amd64_microsoft.windows.common-controls_6595b64144ccf1df_6.0.10586.0_none_8c15ae12515e1c22\COMCTL32.dll
0x00007ffe35490000 - 0x00007ffe3570d000 	C:\WINDOWS\system32\combase.dll
0x00007ffe33f90000 - 0x00007ffe33ffa000 	C:\WINDOWS\system32\bcryptPrimitives.dll
0x00007ffe37850000 - 0x00007ffe3788b000 	C:\WINDOWS\system32\IMM32.DLL
0x00007ffe2ea50000 - 0x00007ffe2eafc000 	C:\WINDOWS\system32\tmumh\20019\AddOn\7.0.0.1147\TmUmEvt64.dll
0x00007ffe35170000 - 0x00007ffe35178000 	C:\WINDOWS\system32\PSAPI.DLL
0x00007ffe35af0000 - 0x00007ffe35b42000 	C:\WINDOWS\system32\SHLWAPI.dll
0x0000000066df0000 - 0x0000000066f0d000 	C:\WINDOWS\system32\tmumh\20019\TmMon\2.5.0.2070\tmmon64.dll
0x0000000063e80000 - 0x0000000063f52000 	C:\Program Files\Android\Android Studio\jre\jre\bin\msvcr100.dll
0x0000000063f60000 - 0x000000006479e000 	C:\Program Files\Android\Android Studio\jre\jre\bin\server\jvm.dll
0x00007ffe23c50000 - 0x00007ffe23c59000 	C:\WINDOWS\SYSTEM32\WSOCK32.dll
0x00007ffe34fe0000 - 0x00007ffe3504b000 	C:\WINDOWS\system32\WS2_32.dll
0x00007ffe325e0000 - 0x00007ffe32603000 	C:\WINDOWS\SYSTEM32\WINMM.dll
0x00007ffe27110000 - 0x00007ffe2711a000 	C:\WINDOWS\SYSTEM32\VERSION.dll
0x00007ffe32550000 - 0x00007ffe3257c000 	C:\WINDOWS\SYSTEM32\WINMMBASE.dll
0x00007ffe33f40000 - 0x00007ffe33f83000 	C:\WINDOWS\system32\cfgmgr32.dll
0x00007ffe2ddc0000 - 0x00007ffe2ddcf000 	C:\Program Files\Android\Android Studio\jre\jre\bin\verify.dll
0x00007ffe2db60000 - 0x00007ffe2db89000 	C:\Program Files\Android\Android Studio\jre\jre\bin\java.dll
0x00007ffe2db40000 - 0x00007ffe2db56000 	C:\Program Files\Android\Android Studio\jre\jre\bin\zip.dll
0x00007ffe35b50000 - 0x00007ffe370ac000 	C:\WINDOWS\system32\SHELL32.dll
0x00007ffe34000000 - 0x00007ffe34644000 	C:\WINDOWS\system32\windows.storage.dll
0x00007ffe33f30000 - 0x00007ffe33f3f000 	C:\WINDOWS\system32\kernel.appcore.dll
0x00007ffe34bd0000 - 0x00007ffe34c85000 	C:\WINDOWS\system32\shcore.dll
0x00007ffe33eb0000 - 0x00007ffe33efb000 	C:\WINDOWS\system32\powrprof.dll
0x00007ffe33f00000 - 0x00007ffe33f14000 	C:\WINDOWS\system32\profapi.dll
0x00007ffe29760000 - 0x00007ffe2977a000 	C:\Program Files\Android\Android Studio\jre\jre\bin\net.dll
0x00007ffe33780000 - 0x00007ffe337dc000 	C:\WINDOWS\system32\mswsock.dll
0x00007ffe241d0000 - 0x00007ffe241e1000 	C:\Program Files\Android\Android Studio\jre\jre\bin\nio.dll
0x00007ffe167a0000 - 0x00007ffe167be000 	C:\Users\Pkambli\.gradle\native\25\windows-amd64\native-platform.dll
0x00007ffe299e0000 - 0x00007ffe299ed000 	C:\Program Files\Android\Android Studio\jre\jre\bin\management.dll
0x00007ffe33830000 - 0x00007ffe33847000 	C:\WINDOWS\SYSTEM32\CRYPTSP.dll
0x00007ffe334c0000 - 0x00007ffe334f4000 	C:\WINDOWS\system32\rsaenh.dll
0x00007ffe33ab0000 - 0x00007ffe33ad9000 	C:\WINDOWS\SYSTEM32\bcrypt.dll
0x00007ffe33610000 - 0x00007ffe3362f000 	C:\WINDOWS\SYSTEM32\USERENV.dll
0x00007ffe339b0000 - 0x00007ffe339bb000 	C:\WINDOWS\SYSTEM32\CRYPTBASE.dll
0x00007ffe30da0000 - 0x00007ffe30dd8000 	C:\WINDOWS\SYSTEM32\IPHLPAPI.DLL
0x00007ffe34db0000 - 0x00007ffe34db8000 	C:\WINDOWS\system32\NSI.dll
0x00007ffe30d80000 - 0x00007ffe30d96000 	C:\WINDOWS\SYSTEM32\dhcpcsvc6.DLL
0x00007ffe30d60000 - 0x00007ffe30d7a000 	C:\WINDOWS\SYSTEM32\dhcpcsvc.DLL
0x00007ffe17610000 - 0x00007ffe17634000 	C:\Program Files\Android\Android Studio\jre\jre\bin\sunec.dll
0x00007ffe32860000 - 0x00007ffe3290a000 	C:\WINDOWS\SYSTEM32\DNSAPI.dll
0x00007ffe2c850000 - 0x00007ffe2c85a000 	C:\Windows\System32\rasadhlp.dll
0x00007ffe2e9e0000 - 0x00007ffe2ea47000 	C:\WINDOWS\System32\fwpuclnt.dll
0x00007ffe22a10000 - 0x00007ffe22a1b000 	C:\Program Files\Android\Android Studio\jre\jre\bin\sunmscapi.dll
0x00007ffe34910000 - 0x00007ffe34ad8000 	C:\WINDOWS\system32\CRYPT32.dll
0x00007ffe33f20000 - 0x00007ffe33f30000 	C:\WINDOWS\system32\MSASN1.dll

VM Arguments:
jvm_args: -XX:+HeapDumpOnOutOfMemoryError -Xmx1024m -Dfile.encoding=windows-1252 -Duser.country=IN -Duser.language=en -Duser.variant 
java_command: org.gradle.launcher.daemon.bootstrap.GradleDaemon 4.1
java_class_path (initial): C:\Users\Pkambli\.gradle\wrapper\dists\gradle-4.1-all\bzyivzo6n839fup2jbap0tjew\gradle-4.1\lib\gradle-launcher-4.1.jar
Launcher Type: SUN_STANDARD

Environment Variables:
PATH=C:\ProgramData\Oracle\Java\javapath;C:\Program Files (x86)\Intel\iCLS Client\;C:\Program Files\Intel\iCLS Client\;C:\WINDOWS\system32;C:\WINDOWS;C:\WINDOWS\System32\Wbem;C:\WINDOWS\System32\WindowsPowerShell\v1.0\;C:\Program Files\Intel\Intel(R) Management Engine Components\DAL;C:\Program Files\Intel\Intel(R) Management Engine Components\IPT;C:\Program Files (x86)\Intel\Intel(R) Management Engine Components\DAL;C:\Program Files (x86)\Intel\Intel(R) Management Engine Components\IPT;C:\Program Files (x86)\Common Files\lenovo\easyplussdk\bin;C:\ProgramData\Lenovo\ReadyApps;C:\Program Files\Microsoft SQL Server\110\Tools\Binn\;C:\Program Files (x86)\Windows Kits\8.1\Windows Performance Toolkit\;C:\Program Files (x86)\Microsoft SDKs\TypeScript\1.0\;C:\Program Files\Microsoft SQL Server\120\Tools\Binn\;C:\WINDOWS\system32\config\systemprofile\.dnx\bin;C:\Program Files\Microsoft DNX\Dnvm\;C:\Program Files\Microsoft SQL Server\130\Tools\Binn\;C:\Program Files (x86)\Microsoft Emulator Manager\1.0\;C:\Program Files\nodejs\;C:\Program Files\Git\cmd;C:\Program Files\Git\mingw64\bin;C:\Program Files\Git\usr\bin;C:\Program Files\apache-ant-1.9.9\bin;C:\Program Files (x86)\Brackets\command;C:\Users\Pkambli\AppData\Roaming\npm;C:\Program Files\Microsoft VS Code\bin
USERNAME=PKambli
OS=Windows_NT
PROCESSOR_IDENTIFIER=Intel64 Family 6 Model 60 Stepping 3, GenuineIntel



---------------  S Y S T E M  ---------------

OS: Windows 10.0 , 64 bit Build 10586 (10.0.10586.0)

CPU:total 8 (initial active 8) (4 cores per cpu, 2 threads per core) family 6 model 60 stepping 3, cmov, cx8, fxsr, mmx, sse, sse2, sse3, ssse3, sse4.1, sse4.2, popcnt, avx, avx2, aes, clmul, erms, lzcnt, ht, tsc, tscinvbit, bmi1, bmi2

Memory: 4k page, physical 8299392k(367928k free), swap 32006792k(404k free)

vm_info: OpenJDK 64-Bit Server VM (25.152-b01) for windows-amd64 JRE (1.8.0_152-release-915-b01), built by "builder" with MS VC++ 10.0 (VS2010)

time: Tue Feb 27 11:04:10 2018
elapsed time: 2118 seconds (0d 0h 35m 18s)

